# JRE version: OpenJDK Runtime Environment Microsoft-8035246 (17.0.8+7) (build 17.0.8+7-LTS)
# Java VM: OpenJDK 64-Bit Server VM Microsoft-8035246 (17.0.8+7-LTS, mixed mode, sharing, tiered, compressed oops, compressed class ptrs, g1 gc, windows-amd64)
GC Precious Log:
 CPUs: 6 total, 6 available
 Memory: 16158M
 Large Page Support: Disabled
 NUMA Support: Disabled
 Compressed Oops: Enabled (32-bit)
 Heap Region Size: 1M
 Heap Min Capacity: 8M
 Heap Initial Capacity: 254M
 Heap Max Capacity: 2G
 Pre-touch: Disabled
 Parallel Workers: 6
 Concurrent Workers: 2
 Concurrent Refinement Workers: 6
 Periodic GC: Disabled
Heap:
 garbage-first heap   total 417792K, used 266152K [0x0000000080000000, 0x0000000100000000)
  region size 1024K, 93 young (95232K), 3 survivors (3072K)
 Metaspace       used 99242K, committed 100288K, reserved 557056K
  class space    used 13883K, committed 14400K, reserved 425984K
GC Heap History (20 events):
Event: 18.568 GC heap before
{Heap before GC invocations=48 (full 0):
 garbage-first heap   total 223232K, used 112960K [0x0000000080000000, 0x0000000100000000)
  region size 1024K, 11 young (11264K), 10 survivors (10240K)
 Metaspace       used 87254K, committed 88128K, reserved 557056K
  class space    used 12366K, committed 12736K, reserved 425984K
}
Event: 18.574 GC heap after
{Heap after GC invocations=49 (full 0):
 garbage-first heap   total 223232K, used 112609K [0x0000000080000000, 0x0000000100000000)
  region size 1024K, 1 young (1024K), 1 survivors (1024K)
 Metaspace       used 87254K, committed 88128K, reserved 557056K
  class space    used 12366K, committed 12736K, reserved 425984K
}
Event: 19.170 GC heap before
{Heap before GC invocations=49 (full 0):
 garbage-first heap   total 223232K, used 176097K [0x0000000080000000, 0x0000000100000000)
  region size 1024K, 60 young (61440K), 1 survivors (1024K)
 Metaspace       used 89153K, committed 89984K, reserved 557056K
  class space    used 12547K, committed 12928K, reserved 425984K
}
Event: 19.176 GC heap after
{Heap after GC invocations=50 (full 0):
 garbage-first heap   total 223232K, used 129024K [0x0000000080000000, 0x0000000100000000)
  region size 1024K, 8 young (8192K), 8 survivors (8192K)
 Metaspace       used 89153K, committed 89984K, reserved 557056K
  class space    used 12547K, committed 12928K, reserved 425984K
}
Event: 19.373 GC heap before
{Heap before GC invocations=50 (full 0):
 garbage-first heap   total 223232K, used 145408K [0x0000000080000000, 0x0000000100000000)
  region size 1024K, 26 young (26624K), 8 survivors (8192K)
 Metaspace       used 89332K, committed 90240K, reserved 557056K
  class space    used 12567K, committed 12992K, reserved 425984K
}
Event: 19.380 GC heap after
{Heap after GC invocations=51 (full 0):
 garbage-first heap   total 223232K, used 133629K [0x0000000080000000, 0x0000000100000000)
  region size 1024K, 4 young (4096K), 4 survivors (4096K)
 Metaspace       used 89332K, committed 90240K, reserved 557056K
  class space    used 12567K, committed 12992K, reserved 425984K
}
Event: 19.839 GC heap before
{Heap before GC invocations=52 (full 0):
 garbage-first heap   total 235520K, used 177661K [0x0000000080000000, 0x0000000100000000)
  region size 1024K, 45 young (46080K), 4 survivors (4096K)
 Metaspace       used 89772K, committed 90752K, reserved 557056K
  class space    used 12610K, committed 13056K, reserved 425984K
}
Event: 19.844 GC heap after
{Heap after GC invocations=53 (full 0):
 garbage-first heap   total 235520K, used 147102K [0x0000000080000000, 0x0000000100000000)
  region size 1024K, 6 young (6144K), 6 survivors (6144K)
 Metaspace       used 89772K, committed 90752K, reserved 557056K
  class space    used 12610K, committed 13056K, reserved 425984K
}
Event: 19.892 GC heap before
{Heap before GC invocations=53 (full 0):
 garbage-first heap   total 235520K, used 152222K [0x0000000080000000, 0x0000000100000000)
  region size 1024K, 11 young (11264K), 6 survivors (6144K)
 Metaspace       used 89915K, committed 90880K, reserved 557056K
  class space    used 12628K, committed 13056K, reserved 425984K
}
Event: 19.897 GC heap after
{Heap after GC invocations=54 (full 0):
 garbage-first heap   total 235520K, used 148520K [0x0000000080000000, 0x0000000100000000)
  region size 1024K, 2 young (2048K), 2 survivors (2048K)
 Metaspace       used 89915K, committed 90880K, reserved 557056K
  class space    used 12628K, committed 13056K, reserved 425984K
}
Event: 20.213 GC heap before
{Heap before GC invocations=54 (full 0):
 garbage-first heap   total 235520K, used 187432K [0x0000000080000000, 0x0000000100000000)
  region size 1024K, 40 young (40960K), 2 survivors (2048K)
 Metaspace       used 91897K, committed 92864K, reserved 557056K
  class space    used 12904K, committed 13312K, reserved 425984K
}
Event: 20.218 GC heap after
{Heap after GC invocations=55 (full 0):
 garbage-first heap   total 235520K, used 151290K [0x0000000080000000, 0x0000000100000000)
  region size 1024K, 4 young (4096K), 4 survivors (4096K)
 Metaspace       used 91897K, committed 92864K, reserved 557056K
  class space    used 12904K, committed 13312K, reserved 425984K
}
Event: 20.636 GC heap before
{Heap before GC invocations=55 (full 0):
 garbage-first heap   total 235520K, used 191226K [0x0000000080000000, 0x0000000100000000)
  region size 1024K, 43 young (44032K), 4 survivors (4096K)
 Metaspace       used 95074K, committed 96064K, reserved 557056K
  class space    used 13362K, committed 13824K, reserved 425984K
}
Event: 20.644 GC heap after
{Heap after GC invocations=56 (full 0):
 garbage-first heap   total 235520K, used 153695K [0x0000000080000000, 0x0000000100000000)
  region size 1024K, 6 young (6144K), 6 survivors (6144K)
 Metaspace       used 95074K, committed 96064K, reserved 557056K
  class space    used 13362K, committed 13824K, reserved 425984K
}
Event: 20.997 GC heap before
{Heap before GC invocations=56 (full 0):
 garbage-first heap   total 235520K, used 193631K [0x0000000080000000, 0x0000000100000000)
  region size 1024K, 45 young (46080K), 6 survivors (6144K)
 Metaspace       used 96632K, committed 97600K, reserved 557056K
  class space    used 13558K, committed 14016K, reserved 425984K
}
Event: 21.006 GC heap after
{Heap after GC invocations=57 (full 0):
 garbage-first heap   total 417792K, used 158135K [0x0000000080000000, 0x0000000100000000)
  region size 1024K, 6 young (6144K), 6 survivors (6144K)
 Metaspace       used 96632K, committed 97600K, reserved 557056K
  class space    used 13558K, committed 14016K, reserved 425984K
}
Event: 22.170 GC heap before
{Heap before GC invocations=58 (full 0):
 garbage-first heap   total 417792K, used 307639K [0x0000000080000000, 0x0000000100000000)
  region size 1024K, 153 young (156672K), 6 survivors (6144K)
 Metaspace       used 99020K, committed 99968K, reserved 557056K
  class space    used 13875K, committed 14336K, reserved 425984K
}
Event: 22.184 GC heap after
{Heap after GC invocations=59 (full 0):
 garbage-first heap   total 417792K, used 170155K [0x0000000080000000, 0x0000000100000000)
  region size 1024K, 18 young (18432K), 18 survivors (18432K)
 Metaspace       used 99020K, committed 99968K, reserved 557056K
  class space    used 13875K, committed 14336K, reserved 425984K
}
Event: 22.233 GC heap before
{Heap before GC invocations=59 (full 0):
 garbage-first heap   total 417792K, used 172203K [0x0000000080000000, 0x0000000100000000)
  region size 1024K, 20 young (20480K), 18 survivors (18432K)
 Metaspace       used 99067K, committed 100032K, reserved 557056K
  class space    used 13878K, committed 14336K, reserved 425984K
}
Event: 22.244 GC heap after
{Heap after GC invocations=60 (full 0):
 garbage-first heap   total 417792K, used 171944K [0x0000000080000000, 0x0000000100000000)
  region size 1024K, 3 young (3072K), 3 survivors (3072K)
 Metaspace       used 99067K, committed 100032K, reserved 557056K
  class space    used 13878K, committed 14336K, reserved 425984K
}

